<?xml version="1.0" encoding="UTF-8"?>
<!-- Generated by org.testng.reporters.JUnitReportReporter -->
<testsuite hostname="DESKTOP-KF5GCE4" failures="0" tests="16" name="api.test.DDTests" time="0.766" errors="0" timestamp="2024-06-15T23:06:09 EDT" skipped="0">
  <testcase classname="api.test.DDTests" name="testPostUser" time="0.050"/>
  <testcase classname="api.test.DDTests" name="testPostUser" time="0.044"/>
  <testcase classname="api.test.DDTests" name="testPostUser" time="0.049"/>
  <testcase classname="api.test.DDTests" name="testPostUser" time="0.049"/>
  <testcase classname="api.test.DDTests" name="testPostUser" time="0.055"/>
  <testcase classname="api.test.DDTests" name="testPostUser" time="0.047"/>
  <testcase classname="api.test.DDTests" name="testPostUser" time="0.059"/>
  <testcase classname="api.test.DDTests" name="testPostUser" time="0.045"/>
  <testcase classname="api.test.DDTests" name="testDeleteUserbyUserName" time="0.043"/>
  <testcase classname="api.test.DDTests" name="testDeleteUserbyUserName" time="0.051"/>
  <testcase classname="api.test.DDTests" name="testDeleteUserbyUserName" time="0.046"/>
  <testcase classname="api.test.DDTests" name="testDeleteUserbyUserName" time="0.053"/>
  <testcase classname="api.test.DDTests" name="testDeleteUserbyUserName" time="0.047"/>
  <testcase classname="api.test.DDTests" name="testDeleteUserbyUserName" time="0.041"/>
  <testcase classname="api.test.DDTests" name="testDeleteUserbyUserName" time="0.042"/>
  <testcase classname="api.test.DDTests" name="testDeleteUserbyUserName" time="0.045"/>
</testsuite> <!-- api.test.DDTests -->
