<?xml version="1.0" encoding="UTF-8"?>
<!-- Generated by org.testng.reporters.JUnitReportReporter -->
<testsuite hostname="DESKTOP-KF5GCE4" failures="0" tests="4" name="api.test.UserTest" time="2.188" errors="0" timestamp="2024-06-15T23:06:09 EDT" skipped="0">
  <testcase classname="api.test.UserTest" name="testPostUser" time="1.925"/>
  <testcase classname="api.test.UserTest" name="testGetUserByName" time="0.077"/>
  <testcase classname="api.test.UserTest" name="testUpdateUser" time="0.131"/>
  <testcase classname="api.test.UserTest" name="testDeleteUser" time="0.055"/>
</testsuite> <!-- api.test.UserTest -->
