<?xml version="1.0" encoding="UTF-8"?>
<!-- Generated by org.testng.reporters.JUnitReportReporter -->
<testsuite hostname="DESKTOP-KF5GCE4" failures="0" tests="1" name="api.test.UniversitiesSchemaValidation" time="0.342" errors="0" timestamp="2024-06-19T20:38:10 EDT" skipped="0">
  <testcase classname="api.test.UniversitiesSchemaValidation" name="UKUniversitySchemaValidation" time="0.342"/>
</testsuite> <!-- api.test.UniversitiesSchemaValidation -->
