<?xml version="1.0" encoding="UTF-8"?>
<!-- Generated by org.testng.reporters.JUnitReportReporter -->
<testsuite hostname="DESKTOP-KF5GCE4" failures="0" tests="4" name="api.test.UserTest2" time="2.283" errors="0" timestamp="2024-06-19T20:38:10 EDT" skipped="0">
  <testcase classname="api.test.UserTest2" name="testPostUser" time="2.015"/>
  <testcase classname="api.test.UserTest2" name="testGetUserByName" time="0.093"/>
  <testcase classname="api.test.UserTest2" name="testUpdateUser" time="0.118"/>
  <testcase classname="api.test.UserTest2" name="testDeleteUser" time="0.057"/>
</testsuite> <!-- api.test.UserTest2 -->
