<?xml version="1.0" encoding="UTF-8"?>
<!-- Generated by org.testng.reporters.JUnitReportReporter -->
<testsuite hostname="DESKTOP-KF5GCE4" failures="0" tests="4" name="api.test.UserTest2" time="2.364" errors="0" timestamp="2024-06-19T17:21:20 EDT" skipped="0">
  <testcase classname="api.test.UserTest2" name="testPostUser" time="2.121"/>
  <testcase classname="api.test.UserTest2" name="testGetUserByName" time="0.090"/>
  <testcase classname="api.test.UserTest2" name="testUpdateUser" time="0.106"/>
  <testcase classname="api.test.UserTest2" name="testDeleteUser" time="0.047"/>
</testsuite> <!-- api.test.UserTest2 -->
